-------------------------------------------------------------------------------
Test set: com.yipee.yipee.Test.SalesDataServiceImplTest
-------------------------------------------------------------------------------
Tests run: 5, Failures: 0, Errors: 2, Skipped: 0, Time elapsed: 1.620 s <<< FAILURE! -- in com.yipee.yipee.Test.SalesDataServiceImplTest
com.yipee.yipee.Test.SalesDataServiceImplTest.testDeleteSalesData -- Time elapsed: 0.017 s <<< ERROR!
java.lang.NullPointerException: Cannot invoke "java.util.List.iterator()" because the return value of "com.yipee.yipee.SalesData.SalesData.getSalesItems()" is null
	at com.yipee.yipee.SalesData.SalesDataServiceImpl.lambda$deleteSalesData$4(SalesDataServiceImpl.java:103)
	at java.base/java.util.Optional.ifPresent(Optional.java:178)
	at com.yipee.yipee.SalesData.SalesDataServiceImpl.deleteSalesData(SalesDataServiceImpl.java:101)
	at com.yipee.yipee.Test.SalesDataServiceImplTest.testDeleteSalesData(SalesDataImplTest.java:88)
	at java.base/java.lang.reflect.Method.invoke(Method.java:568)
	at java.base/java.util.ArrayList.forEach(ArrayList.java:1511)
	at java.base/java.util.ArrayList.forEach(ArrayList.java:1511)

com.yipee.yipee.Test.SalesDataServiceImplTest.testAddSalesDataByCompany -- Time elapsed: 0.007 s <<< ERROR!
java.lang.NullPointerException: Cannot invoke "com.yipee.yipee.Company.CompanyRepository.findById(Object)" because "this.companyRepository" is null
	at com.yipee.yipee.SalesData.SalesDataServiceImpl.addSalesDataByCompany(SalesDataServiceImpl.java:34)
	at com.yipee.yipee.Test.SalesDataServiceImplTest.testAddSalesDataByCompany(SalesDataImplTest.java:51)
	at java.base/java.lang.reflect.Method.invoke(Method.java:568)
	at java.base/java.util.ArrayList.forEach(ArrayList.java:1511)
	at java.base/java.util.ArrayList.forEach(ArrayList.java:1511)

